<?xml version="1.0" encoding="UTF-8"?>
<!-- Generated by org.testng.reporters.JUnitXMLReporter -->
<testsuite ignored="0" hostname="LAPTOP-N7NAH9MI" failures="0" tests="2" name="Test" time="21.682" errors="0" timestamp="2025-02-28T13:51:12 IST">
  <testcase classname="demoblazeFramework.testcases.DeleteFromCartDemoblaze" name="deletingSingleProductFromCart" time="7.173"/>
  <testcase classname="demoblazeFramework.testcases.AddToCartDemoblaze" name="addingSingleProductToCart" time="6.241"/>
</testsuite> <!-- Test -->
